<?xml version="1.0" encoding="UTF-8"?>
<!-- Generated by org.testng.reporters.JUnitXMLReporter -->
<testsuite ignored="1" hostname="TYSS-Mohammad-Adil" failures="0" tests="4" name="Groups Test" time="101.738" errors="0" timestamp="2026-06-19T16:05:23 IST">
  <testcase classname="fireflink.tests.configuration.GroupsTest" name="GR002" time="21.208"/>
  <testcase classname="fireflink.tests.configuration.GroupsTest" name="GR003" time="17.015"/>
  <testcase classname="fireflink.tests.configuration.GroupsTest" name="GR004" time="17.442"/>
  <testcase classname="fireflink.tests.configuration.GroupsTest" name="GR005" time="20.824"/>
  <testcase classname="fireflink.tests.configuration.GroupsTest" name="GR001" time="0.0">
    <ignored/>
  </testcase> <!-- GR001 -->
</testsuite> <!-- Groups Test -->
