<?xml version="1.0" encoding="UTF-8"?>
<!-- Generated by org.testng.reporters.JUnitXMLReporter -->
<testsuite ignored="1" hostname="TYSS-Mohammad-Adil" failures="0" tests="3" name="Groups Test" time="54.789" errors="0" timestamp="2026-06-18T18:20:00 IST">
  <testcase classname="fireflink.tests.configuration.GroupsTest" name="GR002" time="15.35"/>
  <testcase classname="fireflink.tests.configuration.GroupsTest" name="GR003" time="14.052"/>
  <testcase classname="fireflink.tests.configuration.GroupsTest" name="GR004" time="18.191"/>
  <testcase classname="fireflink.tests.configuration.GroupsTest" name="GR001" time="0.0">
    <ignored/>
  </testcase> <!-- GR001 -->
</testsuite> <!-- Groups Test -->
