<?xml version="1.0" encoding="UTF-8"?>
<!-- Generated by org.testng.reporters.JUnitXMLReporter -->
<testsuite ignored="3" hostname="TYSS-Mohammad-Adil" failures="0" tests="3" name="Groups Test" time="69.147" errors="0" timestamp="2026-06-22T16:16:29 IST">
  <testcase classname="fireflink.tests.configuration.GroupsTest" name="GR004" time="17.393"/>
  <testcase classname="fireflink.tests.configuration.GroupsTest" name="GR005" time="18.808"/>
  <testcase classname="fireflink.tests.configuration.GroupsTest" name="GR006" time="19.244"/>
  <testcase classname="fireflink.tests.configuration.GroupsTest" name="GR003" time="0.0">
    <ignored/>
  </testcase> <!-- GR003 -->
  <testcase classname="fireflink.tests.configuration.GroupsTest" name="GR001" time="0.0">
    <ignored/>
  </testcase> <!-- GR001 -->
  <testcase classname="fireflink.tests.configuration.GroupsTest" name="GR002" time="0.0">
    <ignored/>
  </testcase> <!-- GR002 -->
</testsuite> <!-- Groups Test -->
