<?xml version="1.0" encoding="UTF-8"?>
<!-- Generated by org.testng.reporters.JUnitXMLReporter -->
<testsuite ignored="0" hostname="TYSS-Mohammad-Adil" failures="1" tests="3" name="Surefire test" time="69.452" errors="0" timestamp="2026-04-06T17:10:34 IST">
  <testcase classname="fireflink.tests.configuration.GroupsTest" name="GR001" time="17.32">
    <failure type="org.openqa.selenium.ElementClickInterceptedException" message="element click intercepted: Element &amp;lt;div class=&amp;quot;ff-text ff-text--regular ff-app-header-nav-bar-submenu-item&amp;quot; style=&amp;quot;font-size: 12px; line-height: 18px; text-align: left;&amp;quot;&amp;gt;...&amp;lt;/div&amp;gt; is not clickable at point (976, 30). Other element would receive the click: &amp;lt;div class=&amp;quot;overlay-loader false&amp;quot;&amp;gt;...&amp;lt;/div&amp;gt;
  (Session info: chrome=146.0.7680.178)
Build info: version: &amp;apos;4.24.0&amp;apos;, revision: &amp;apos;748ffc9bc3&amp;apos;
System info: os.name: &amp;apos;Windows 11&amp;apos;, os.arch: &amp;apos;amd64&amp;apos;, os.version: &amp;apos;10.0&amp;apos;, java.version: &amp;apos;17.0.11&amp;apos;
Driver info: org.openqa.selenium.chrome.ChromeDriver
Command: [d9ac0829703272995ff1b395771cec8f, clickElement {id=f.E1FE507435963ACA69B9162E3D64E61E.d.35961E400875393384D30A37BE60B331.e.24}]
Capabilities {acceptInsecureCerts: false, browserName: chrome, browserVersion: 146.0.7680.178, chrome: {chromedriverVersion: 146.0.7680.165 (4b989da09e1..., userDataDir: C:\Users\User\AppData\Local...}, fedcm:accounts: true, goog:chromeOptions: {debuggerAddress: localhost:53400}, goog:processID: 64336, networkConnectionEnabled: false, pageLoadStrategy: normal, platformName: windows, proxy: Proxy(), se:cdp: ws://localhost:53400/devtoo..., se:cdpVersion: 146.0.7680.178, setWindowRect: true, strictFileInteractability: false, timeouts: {implicit: 0, pageLoad: 300000, script: 30000}, unhandledPromptBehavior: dismiss and notify, webauthn:extension:credBlob: true, webauthn:extension:largeBlob: true, webauthn:extension:minPinLength: true, webauthn:extension:prf: true, webauthn:virtualAuthenticators: true}
Element: [[ChromeDriver: chrome on windows (d9ac0829703272995ff1b395771cec8f)] -&amp;gt; xpath: //div[text()=&amp;apos;User Management&amp;apos;]]
Session ID: d9ac0829703272995ff1b395771cec8f">
      <![CDATA[org.openqa.selenium.ElementClickInterceptedException: element click intercepted: Element <div class="ff-text ff-text--regular ff-app-header-nav-bar-submenu-item" style="font-size: 12px; line-height: 18px; text-align: left;">...</div> is not clickable at point (976, 30). Other element would receive the click: <div class="overlay-loader false">...</div>
  (Session info: chrome=146.0.7680.178)
Build info: version: '4.24.0', revision: '748ffc9bc3'
System info: os.name: 'Windows 11', os.arch: 'amd64', os.version: '10.0', java.version: '17.0.11'
Driver info: org.openqa.selenium.chrome.ChromeDriver
Command: [d9ac0829703272995ff1b395771cec8f, clickElement {id=f.E1FE507435963ACA69B9162E3D64E61E.d.35961E400875393384D30A37BE60B331.e.24}]
Capabilities {acceptInsecureCerts: false, browserName: chrome, browserVersion: 146.0.7680.178, chrome: {chromedriverVersion: 146.0.7680.165 (4b989da09e1..., userDataDir: C:\Users\User\AppData\Local...}, fedcm:accounts: true, goog:chromeOptions: {debuggerAddress: localhost:53400}, goog:processID: 64336, networkConnectionEnabled: false, pageLoadStrategy: normal, platformName: windows, proxy: Proxy(), se:cdp: ws://localhost:53400/devtoo..., se:cdpVersion: 146.0.7680.178, setWindowRect: true, strictFileInteractability: false, timeouts: {implicit: 0, pageLoad: 300000, script: 30000}, unhandledPromptBehavior: dismiss and notify, webauthn:extension:credBlob: true, webauthn:extension:largeBlob: true, webauthn:extension:minPinLength: true, webauthn:extension:prf: true, webauthn:virtualAuthenticators: true}
Element: [[ChromeDriver: chrome on windows (d9ac0829703272995ff1b395771cec8f)] -> xpath: //div[text()='User Management']]
Session ID: d9ac0829703272995ff1b395771cec8f
at org.openqa.selenium.remote.ErrorCodec.decode(ErrorCodec.java:167)
at org.openqa.selenium.remote.codec.w3c.W3CHttpResponseCodec.decode(W3CHttpResponseCodec.java:138)
at org.openqa.selenium.remote.codec.w3c.W3CHttpResponseCodec.decode(W3CHttpResponseCodec.java:50)
at org.openqa.selenium.remote.HttpCommandExecutor.execute(HttpCommandExecutor.java:190)
at org.openqa.selenium.remote.service.DriverCommandExecutor.invokeExecute(DriverCommandExecutor.java:216)
at org.openqa.selenium.remote.service.DriverCommandExecutor.execute(DriverCommandExecutor.java:174)
at org.openqa.selenium.remote.RemoteWebDriver.execute(RemoteWebDriver.java:545)
at org.openqa.selenium.remote.RemoteWebElement.execute(RemoteWebElement.java:223)
at org.openqa.selenium.remote.RemoteWebElement.click(RemoteWebElement.java:76)
at org.openqa.selenium.support.pagefactory.internal.LocatingElementHandler.invoke(LocatingElementHandler.java:51)
at jdk.proxy2/jdk.proxy2.$Proxy12.click(Unknown Source)
at fireflink.pom.AllProjectsPage.navigateToGroups(AllProjectsPage.java:30)
at fireflink.tests.configuration.GroupsTest.GR001(GroupsTest.java:18)
at java.base/java.util.ArrayList.forEach(ArrayList.java:1511)
... Removed 41 stack frames]]>
    </failure>
  </testcase> <!-- GR001 -->
  <testcase classname="fireflink.tests.configuration.GroupsTest" name="GR002" time="17.31">
    <skipped/>
  </testcase> <!-- GR002 -->
  <testcase classname="fireflink.tests.configuration.GroupsTest" name="GR002" time="26.966"/>
</testsuite> <!-- Surefire test -->
