<?xml version="1.0" encoding="UTF-8"?>
<!-- Generated by org.testng.reporters.JUnitXMLReporter -->
<testsuite ignored="4" hostname="TYSS-Mohammad-Adil" failures="0" tests="1" name="Default test" time="18.118" errors="0" timestamp="2026-06-19T12:30:06 IST">
  <testcase classname="fireflink.tests.configuration.GroupsTest" name="GR005" time="15.128"/>
  <testcase classname="fireflink.tests.configuration.GroupsTest" name="GR004" time="0.0">
    <ignored/>
  </testcase> <!-- GR004 -->
  <testcase classname="fireflink.tests.configuration.GroupsTest" name="GR003" time="0.0">
    <ignored/>
  </testcase> <!-- GR003 -->
  <testcase classname="fireflink.tests.configuration.GroupsTest" name="GR002" time="0.0">
    <ignored/>
  </testcase> <!-- GR002 -->
  <testcase classname="fireflink.tests.configuration.GroupsTest" name="GR001" time="0.0">
    <ignored/>
  </testcase> <!-- GR001 -->
</testsuite> <!-- Default test -->
