<?xml version="1.0" encoding="UTF-8"?>
<!-- Generated by org.testng.reporters.JUnitXMLReporter -->
<testsuite ignored="2" hostname="TYSS-Mohammad-Adil" failures="0" tests="1" name="Default test" time="22.609" errors="0" timestamp="2026-06-17T15:37:18 IST">
  <testcase classname="fireflink.tests.configuration.GroupsTest" name="GR002" time="17.529"/>
  <testcase classname="fireflink.tests.configuration.GroupsTest" name="GR003" time="0.0">
    <ignored/>
  </testcase> <!-- GR003 -->
  <testcase classname="fireflink.tests.configuration.GroupsTest" name="GR001" time="0.0">
    <ignored/>
  </testcase> <!-- GR001 -->
</testsuite> <!-- Default test -->
