<?xml version="1.0" encoding="UTF-8"?>
<!-- Generated by org.testng.reporters.JUnitXMLReporter -->
<testsuite ignored="2" hostname="TYSS-Mohammad-Adil" failures="1" tests="1" name="Test" time="0.327" errors="0" timestamp="2026-04-19T11:27:30 IST">
  <testcase classname="fireflink.tests.configuration.GroupsTest" name="GR001" time="0.124">
    <failure type="java.lang.NullPointerException" message="Cannot invoke &amp;quot;fireflink.pom.SignPage.signToFireflink(String, String)&amp;quot; because &amp;quot;fireflink.tests.configuration.GroupsTest.signPage&amp;quot; is null">
      <![CDATA[java.lang.NullPointerException: Cannot invoke "fireflink.pom.SignPage.signToFireflink(String, String)" because "fireflink.tests.configuration.GroupsTest.signPage" is null
at fireflink.tests.configuration.GroupsTest.GR001(GroupsTest.java:17)
at java.base/java.util.ArrayList.forEach(ArrayList.java:1597)
... Removed 25 stack frames]]>
    </failure>
  </testcase> <!-- GR001 -->
  <testcase classname="fireflink.tests.configuration.GroupsTest" name="GR002" time="0.0">
    <ignored/>
  </testcase> <!-- GR002 -->
  <testcase classname="fireflink.tests.configuration.GroupsTest" name="GR003" time="0.0">
    <ignored/>
  </testcase> <!-- GR003 -->
</testsuite> <!-- Test -->
