<?xml version="1.0" encoding="UTF-8"?>
<!-- Generated by org.testng.reporters.JUnitXMLReporter -->
<testsuite ignored="1" hostname="TYSS-Mohammad-Adil" failures="0" tests="2" name="Test" time="35.964" errors="0" timestamp="2026-06-18T13:31:47 IST">
  <testcase classname="fireflink.tests.configuration.GroupsTest" name="GR002" time="15.657"/>
  <testcase classname="fireflink.tests.configuration.GroupsTest" name="GR003" time="14.85"/>
  <testcase classname="fireflink.tests.configuration.GroupsTest" name="GR001" time="0.0">
    <ignored/>
  </testcase> <!-- GR001 -->
</testsuite> <!-- Test -->
