<?xml version="1.0" encoding="UTF-8"?>
<!-- Generated by org.testng.reporters.JUnitXMLReporter -->
<testsuite ignored="5" hostname="TYSS-Mohammad-Adil" failures="0" tests="1" name="Groups Test" time="31.305" errors="0" timestamp="2026-06-22T15:19:25 IST">
  <testcase classname="fireflink.tests.configuration.GroupsTest" name="GR006" time="22.266"/>
  <testcase classname="fireflink.tests.configuration.GroupsTest" name="GR005" time="0.0">
    <ignored/>
  </testcase> <!-- GR005 -->
  <testcase classname="fireflink.tests.configuration.GroupsTest" name="GR002" time="0.0">
    <ignored/>
  </testcase> <!-- GR002 -->
  <testcase classname="fireflink.tests.configuration.GroupsTest" name="GR001" time="0.0">
    <ignored/>
  </testcase> <!-- GR001 -->
  <testcase classname="fireflink.tests.configuration.GroupsTest" name="GR004" time="0.0">
    <ignored/>
  </testcase> <!-- GR004 -->
  <testcase classname="fireflink.tests.configuration.GroupsTest" name="GR003" time="0.0">
    <ignored/>
  </testcase> <!-- GR003 -->
</testsuite> <!-- Groups Test -->
