<?xml version="1.0" encoding="UTF-8"?>
<testng-results ignored="0" total="3" passed="3" failed="0" skipped="0">
  <reporter-output>
    <line>
      <![CDATA[Successfully signed in to fireflink]]>
    </line>
    <line>
      <![CDATA[Name required error is displayed]]>
    </line>
    <line>
      <![CDATA[Successfully signed in to fireflink]]>
    </line>
    <line>
      <![CDATA[Entered Recipient Name]]>
    </line>
    <line>
      <![CDATA[Entered Recipient Email]]>
    </line>
    <line>
      <![CDATA[Recipient is added successfully]]>
    </line>
    <line>
      <![CDATA[Successfully signed in to fireflink]]>
    </line>
    <line>
      <![CDATA[Entered Recipient Name]]>
    </line>
    <line>
      <![CDATA[Entered Recipient Email]]>
    </line>
    <line>
      <![CDATA[Recipient is added successfully]]>
    </line>
    <line>
      <![CDATA[Recipient is added and searched successfully]]>
    </line>
  </reporter-output>
  <suite started-at="2026-06-22T16:15:20 IST" name="Smoke Priority 1" finished-at="2026-06-22T16:16:29 IST" duration-ms="69147">
    <groups>
    </groups>
    <test started-at="2026-06-22T16:15:20 IST" name="Groups Test" finished-at="2026-06-22T16:16:29 IST" duration-ms="69147">
      <class name="fireflink.tests.configuration.GroupsTest">
        <test-method is-config="true" signature="setUp()[pri:0, instance:fireflink.tests.configuration.GroupsTest@69da0b12]" started-at="2026-06-22T16:15:20 IST" name="setUp" finished-at="2026-06-22T16:15:26 IST" duration-ms="5730" status="PASS">
          <reporter-output>
          </reporter-output>
        </test-method> <!-- setUp -->
        <test-method signature="GR004()[pri:0, instance:fireflink.tests.configuration.GroupsTest@69da0b12]" started-at="2026-06-22T16:15:27 IST" name="GR004" description="GR004_Verify Group Name is required error is displayed" finished-at="2026-06-22T16:15:44 IST" duration-ms="17393" status="PASS">
          <reporter-output>
            <line>
              <![CDATA[Successfully signed in to fireflink]]>
            </line>
            <line>
              <![CDATA[Name required error is displayed]]>
            </line>
          </reporter-output>
        </test-method> <!-- GR004 -->
        <test-method is-config="true" signature="tearDown()[pri:0, instance:fireflink.tests.configuration.GroupsTest@69da0b12]" started-at="2026-06-22T16:15:44 IST" name="tearDown" finished-at="2026-06-22T16:15:45 IST" duration-ms="608" status="PASS">
          <reporter-output>
          </reporter-output>
        </test-method> <!-- tearDown -->
        <test-method is-config="true" signature="setUp()[pri:0, instance:fireflink.tests.configuration.GroupsTest@69da0b12]" started-at="2026-06-22T16:15:45 IST" name="setUp" finished-at="2026-06-22T16:15:47 IST" duration-ms="2468" status="PASS">
          <reporter-output>
          </reporter-output>
        </test-method> <!-- setUp -->
        <test-method signature="GR005()[pri:0, instance:fireflink.tests.configuration.GroupsTest@69da0b12]" started-at="2026-06-22T16:15:47 IST" name="GR005" description="GR005_Verify user is able to add a recipient in Create Email Group slider" finished-at="2026-06-22T16:16:06 IST" duration-ms="18808" status="PASS">
          <reporter-output>
            <line>
              <![CDATA[Successfully signed in to fireflink]]>
            </line>
            <line>
              <![CDATA[Entered Recipient Name]]>
            </line>
            <line>
              <![CDATA[Entered Recipient Email]]>
            </line>
            <line>
              <![CDATA[Recipient is added successfully]]>
            </line>
          </reporter-output>
        </test-method> <!-- GR005 -->
        <test-method is-config="true" signature="tearDown()[pri:0, instance:fireflink.tests.configuration.GroupsTest@69da0b12]" started-at="2026-06-22T16:16:06 IST" name="tearDown" finished-at="2026-06-22T16:16:06 IST" duration-ms="485" status="PASS">
          <reporter-output>
          </reporter-output>
        </test-method> <!-- tearDown -->
        <test-method is-config="true" signature="setUp()[pri:0, instance:fireflink.tests.configuration.GroupsTest@69da0b12]" started-at="2026-06-22T16:16:06 IST" name="setUp" finished-at="2026-06-22T16:16:10 IST" duration-ms="3278" status="PASS">
          <reporter-output>
          </reporter-output>
        </test-method> <!-- setUp -->
        <test-method signature="GR006()[pri:0, instance:fireflink.tests.configuration.GroupsTest@69da0b12]" started-at="2026-06-22T16:16:10 IST" name="GR006" description="GR006_Verify user is able to add a recipient and search the added recipient" finished-at="2026-06-22T16:16:29 IST" duration-ms="19244" status="PASS">
          <reporter-output>
            <line>
              <![CDATA[Successfully signed in to fireflink]]>
            </line>
            <line>
              <![CDATA[Entered Recipient Name]]>
            </line>
            <line>
              <![CDATA[Entered Recipient Email]]>
            </line>
            <line>
              <![CDATA[Recipient is added successfully]]>
            </line>
            <line>
              <![CDATA[Recipient is added and searched successfully]]>
            </line>
          </reporter-output>
        </test-method> <!-- GR006 -->
        <test-method is-config="true" signature="tearDown()[pri:0, instance:fireflink.tests.configuration.GroupsTest@69da0b12]" started-at="2026-06-22T16:16:29 IST" name="tearDown" finished-at="2026-06-22T16:16:29 IST" duration-ms="495" status="PASS">
          <reporter-output>
          </reporter-output>
        </test-method> <!-- tearDown -->
      </class> <!-- fireflink.tests.configuration.GroupsTest -->
    </test> <!-- Groups Test -->
  </suite> <!-- Smoke Priority 1 -->
</testng-results>
