<?xml version="1.0" encoding="UTF-8"?>
<testng-results ignored="0" total="2" passed="2" failed="0" skipped="0">
  <reporter-output>
    <line>
      <![CDATA[Successfully signed in to fireflink]]>
    </line>
    <line>
      <![CDATA[Successfully signed in to fireflink]]>
    </line>
  </reporter-output>
  <suite started-at="2026-06-18T14:46:47 IST" name="Smoke Priority 1" finished-at="2026-06-18T14:47:23 IST" duration-ms="35724">
    <groups>
    </groups>
    <test started-at="2026-06-18T14:46:47 IST" name="Groups Test" finished-at="2026-06-18T14:47:23 IST" duration-ms="35724">
      <class name="fireflink.tests.configuration.GroupsTest">
        <test-method is-config="true" signature="setUp()[pri:0, instance:fireflink.tests.configuration.GroupsTest@4647881c]" started-at="2026-06-18T14:46:47 IST" name="setUp" finished-at="2026-06-18T14:46:51 IST" duration-ms="3744" status="PASS">
          <reporter-output>
          </reporter-output>
        </test-method> <!-- setUp -->
        <test-method signature="GR002()[pri:0, instance:fireflink.tests.configuration.GroupsTest@4647881c]" started-at="2026-06-18T14:46:51 IST" name="GR002" description="Verify user is able to create a group" finished-at="2026-06-18T14:47:07 IST" duration-ms="16118" status="PASS">
          <reporter-output>
            <line>
              <![CDATA[Successfully signed in to fireflink]]>
            </line>
          </reporter-output>
        </test-method> <!-- GR002 -->
        <test-method is-config="true" signature="tearDown()[pri:0, instance:fireflink.tests.configuration.GroupsTest@4647881c]" started-at="2026-06-18T14:47:07 IST" name="tearDown" finished-at="2026-06-18T14:47:07 IST" duration-ms="215" status="PASS">
          <reporter-output>
          </reporter-output>
        </test-method> <!-- tearDown -->
        <test-method is-config="true" signature="setUp()[pri:0, instance:fireflink.tests.configuration.GroupsTest@4647881c]" started-at="2026-06-18T14:47:07 IST" name="setUp" finished-at="2026-06-18T14:47:09 IST" duration-ms="1621" status="PASS">
          <reporter-output>
          </reporter-output>
        </test-method> <!-- setUp -->
        <test-method signature="GR003()[pri:0, instance:fireflink.tests.configuration.GroupsTest@4647881c]" started-at="2026-06-18T14:47:09 IST" name="GR003" description="Verify user is able to create a group and delete" finished-at="2026-06-18T14:47:22 IST" duration-ms="13682" status="PASS">
          <reporter-output>
            <line>
              <![CDATA[Successfully signed in to fireflink]]>
            </line>
          </reporter-output>
        </test-method> <!-- GR003 -->
        <test-method is-config="true" signature="tearDown()[pri:0, instance:fireflink.tests.configuration.GroupsTest@4647881c]" started-at="2026-06-18T14:47:22 IST" name="tearDown" finished-at="2026-06-18T14:47:23 IST" duration-ms="167" status="PASS">
          <reporter-output>
          </reporter-output>
        </test-method> <!-- tearDown -->
      </class> <!-- fireflink.tests.configuration.GroupsTest -->
    </test> <!-- Groups Test -->
  </suite> <!-- Smoke Priority 1 -->
</testng-results>
