<?xml version="1.0" encoding="UTF-8"?>
<testng-results ignored="0" total="1" passed="1" failed="0" skipped="0">
  <reporter-output>
    <line>
      <![CDATA[Successfully signed in to fireflink]]>
    </line>
  </reporter-output>
  <suite started-at="2026-04-02T10:25:40 IST" name="Default suite" finished-at="2026-04-02T10:26:14 IST" duration-ms="33595">
    <groups>
    </groups>
    <test started-at="2026-04-02T10:25:40 IST" name="Default test" finished-at="2026-04-02T10:26:14 IST" duration-ms="33595">
      <class name="fireflink.tests.GroupsTest">
        <test-method is-config="true" signature="setUp()[pri:0, instance:fireflink.tests.GroupsTest@b7c4869]" started-at="2026-04-02T10:25:40 IST" name="setUp" finished-at="2026-04-02T10:25:46 IST" duration-ms="5334" status="PASS">
          <reporter-output>
          </reporter-output>
        </test-method> <!-- setUp -->
        <test-method signature="test()[pri:0, instance:fireflink.tests.GroupsTest@b7c4869]" started-at="2026-04-02T10:25:46 IST" name="test" finished-at="2026-04-02T10:26:14 IST" duration-ms="27558" status="PASS">
          <reporter-output>
            <line>
              <![CDATA[Successfully signed in to fireflink]]>
            </line>
          </reporter-output>
        </test-method> <!-- test -->
        <test-method is-config="true" signature="takeScreenshot()[pri:0, instance:fireflink.tests.GroupsTest@b7c4869]" started-at="2026-04-02T10:26:14 IST" name="takeScreenshot" finished-at="2026-04-02T10:26:14 IST" duration-ms="156" status="PASS">
          <reporter-output>
          </reporter-output>
        </test-method> <!-- takeScreenshot -->
      </class> <!-- fireflink.tests.GroupsTest -->
    </test> <!-- Default test -->
  </suite> <!-- Default suite -->
</testng-results>
