<?xml version="1.0" encoding="UTF-8"?>
<testng-results ignored="0" total="1" passed="1" failed="0" skipped="0">
  <reporter-output>
    <line>
      <![CDATA[Successfully signed in to fireflink]]>
    </line>
  </reporter-output>
  <suite started-at="2026-06-17T15:36:55 IST" name="Default suite" finished-at="2026-06-17T15:37:18 IST" duration-ms="22609">
    <groups>
    </groups>
    <test started-at="2026-06-17T15:36:55 IST" name="Default test" finished-at="2026-06-17T15:37:18 IST" duration-ms="22609">
      <class name="fireflink.tests.configuration.GroupsTest">
        <test-method is-config="true" signature="setUp()[pri:0, instance:fireflink.tests.configuration.GroupsTest@27d4a09]" started-at="2026-06-17T15:36:55 IST" name="setUp" finished-at="2026-06-17T15:36:59 IST" duration-ms="4053" status="PASS">
          <reporter-output>
          </reporter-output>
        </test-method> <!-- setUp -->
        <test-method signature="GR002()[pri:0, instance:fireflink.tests.configuration.GroupsTest@27d4a09]" started-at="2026-06-17T15:37:00 IST" name="GR002" description="Verify user is able to create a group" finished-at="2026-06-17T15:37:17 IST" duration-ms="17529" status="PASS">
          <reporter-output>
            <line>
              <![CDATA[Successfully signed in to fireflink]]>
            </line>
          </reporter-output>
        </test-method> <!-- GR002 -->
        <test-method is-config="true" signature="tearDown()[pri:0, instance:fireflink.tests.configuration.GroupsTest@27d4a09]" started-at="2026-06-17T15:37:17 IST" name="tearDown" finished-at="2026-06-17T15:37:18 IST" duration-ms="664" status="PASS">
          <reporter-output>
          </reporter-output>
        </test-method> <!-- tearDown -->
      </class> <!-- fireflink.tests.configuration.GroupsTest -->
    </test> <!-- Default test -->
  </suite> <!-- Default suite -->
</testng-results>
