<?xml version="1.0" encoding="UTF-8"?>
<!-- Generated by org.testng.reporters.JUnitReportReporter -->
<testsuite hostname="TYSS-Mohammad-Adil" failures="0" tests="1" name="fireflink.tests.GroupsTest" time="33.048" errors="0" timestamp="2026-04-02T10:26:14 IST" skipped="0">
  <testcase classname="fireflink.tests.GroupsTest" name="test" time="33.048">
    <system-out>
      <![CDATA[Successfully signed in to fireflink]]>
    </system-out>
  </testcase> <!-- test -->
  <system-out>
    <![CDATA[Successfully signed in to fireflink]]>
  </system-out>
</testsuite> <!-- fireflink.tests.GroupsTest -->
