<?xml version="1.0" encoding="UTF-8"?>
<!-- Generated by org.testng.reporters.JUnitReportReporter -->
<testsuite hostname="TYSS-Mohammad-Adil" failures="0" tests="1" name="fireflink.tests.configuration.GroupsTest" time="22.246" errors="0" timestamp="2026-06-17T15:37:18 IST" skipped="0">
  <testcase classname="fireflink.tests.configuration.GroupsTest" name="GR002" time="22.246">
    <system-out>
      <![CDATA[Successfully signed in to fireflink]]>
    </system-out>
  </testcase> <!-- GR002 -->
  <system-out>
    <![CDATA[Successfully signed in to fireflink]]>
  </system-out>
</testsuite> <!-- fireflink.tests.configuration.GroupsTest -->
