<?xml version="1.0" encoding="UTF-8"?>
<!-- Generated by org.testng.reporters.JUnitReportReporter -->
<testsuite hostname="TYSS-Mohammad-Adil" failures="0" tests="1" name="fireflink.tests.allprojects.usermanagment.configuration.UsersTest" time="18.175" errors="0" timestamp="2026-07-13T15:28:13 IST" skipped="0">
  <testcase classname="fireflink.tests.allprojects.usermanagment.configuration.UsersTest" name="UR002" time="18.175">
    <system-out>
      <![CDATA[Successfully signed in to fireflink
Successfully navigated to users page]]>
    </system-out>
  </testcase> <!-- UR002 -->
  <system-out>
    <![CDATA[Successfully signed in to fireflink
Successfully navigated to users page]]>
  </system-out>
</testsuite> <!-- fireflink.tests.allprojects.usermanagment.configuration.UsersTest -->
