<?xml version="1.0" encoding="UTF-8"?>
<!-- Generated by org.testng.reporters.JUnitReportReporter -->
<testsuite hostname="TYSS-Mohammad-Adil" failures="0" tests="1" name="fireflink.tests.configuration.GroupsTest" time="21.729" errors="0" timestamp="2026-06-18T18:21:54 IST" skipped="0">
  <testcase classname="fireflink.tests.configuration.GroupsTest" name="GR004" time="21.729">
    <system-out>
      <![CDATA[Successfully signed in to fireflink]]>
    </system-out>
  </testcase> <!-- GR004 -->
  <system-out>
    <![CDATA[Successfully signed in to fireflink]]>
  </system-out>
</testsuite> <!-- fireflink.tests.configuration.GroupsTest -->
