<?xml version="1.0" encoding="UTF-8"?>
<!-- Generated by org.testng.reporters.JUnitReportReporter -->
<testsuite hostname="TYSS-Mohammad-Adil" failures="0" tests="3" name="fireflink.tests.configuration.GroupsTest" time="68.509" errors="0" timestamp="2026-06-22T16:16:30 IST" skipped="0">
  <testcase classname="fireflink.tests.configuration.GroupsTest" name="GR004" time="21.166">
    <system-out>
      <![CDATA[Successfully signed in to fireflink
Name required error is displayed]]>
    </system-out>
  </testcase> <!-- GR004 -->
  <testcase classname="fireflink.tests.configuration.GroupsTest" name="GR006" time="25.582">
    <system-out>
      <![CDATA[Successfully signed in to fireflink
Entered Recipient Name
Entered Recipient Email
Recipient is added successfully
Recipient is added and searched successfully]]>
    </system-out>
  </testcase> <!-- GR006 -->
  <testcase classname="fireflink.tests.configuration.GroupsTest" name="GR005" time="21.761">
    <system-out>
      <![CDATA[Successfully signed in to fireflink
Entered Recipient Name
Entered Recipient Email
Recipient is added successfully]]>
    </system-out>
  </testcase> <!-- GR005 -->
  <system-out>
    <![CDATA[Successfully signed in to fireflink
Name required error is displayed
Successfully signed in to fireflink
Entered Recipient Name
Entered Recipient Email
Recipient is added successfully
Successfully signed in to fireflink
Entered Recipient Name
Entered Recipient Email
Recipient is added successfully
Recipient is added and searched successfully]]>
  </system-out>
</testsuite> <!-- fireflink.tests.configuration.GroupsTest -->
