<?xml version="1.0" encoding="UTF-8"?>
<!-- Generated by org.testng.reporters.JUnitReportReporter -->
<testsuite hostname="TYSS-Mohammad-Adil" failures="0" tests="3" name="fireflink.tests.configuration.GroupsTest" time="54.546" errors="0" timestamp="2026-06-18T18:20:00 IST" skipped="0">
  <testcase classname="fireflink.tests.configuration.GroupsTest" name="GR003" time="16.266">
    <system-out>
      <![CDATA[Successfully signed in to fireflink]]>
    </system-out>
  </testcase> <!-- GR003 -->
  <testcase classname="fireflink.tests.configuration.GroupsTest" name="GR002" time="17.290">
    <system-out>
      <![CDATA[Successfully signed in to fireflink]]>
    </system-out>
  </testcase> <!-- GR002 -->
  <testcase classname="fireflink.tests.configuration.GroupsTest" name="GR004" time="20.990">
    <system-out>
      <![CDATA[Successfully signed in to fireflink]]>
    </system-out>
  </testcase> <!-- GR004 -->
  <system-out>
    <![CDATA[Successfully signed in to fireflink
Successfully signed in to fireflink
Successfully signed in to fireflink]]>
  </system-out>
</testsuite> <!-- fireflink.tests.configuration.GroupsTest -->
