<?xml version="1.0" encoding="UTF-8"?>
<!-- Generated by org.testng.reporters.JUnitReportReporter -->
<testsuite hostname="TYSS-Mohammad-Adil" failures="0" tests="4" name="fireflink.tests.configuration.GroupsTest" time="101.106" errors="0" timestamp="2026-06-19T16:05:24 IST" skipped="0">
  <testcase classname="fireflink.tests.configuration.GroupsTest" name="GR004" time="20.976">
    <system-out>
      <![CDATA[Successfully signed in to fireflink
Name required error is displayed]]>
    </system-out>
  </testcase> <!-- GR004 -->
  <testcase classname="fireflink.tests.configuration.GroupsTest" name="GR002" time="35.528">
    <system-out>
      <![CDATA[Successfully signed in to fireflink
Group is created successfully]]>
    </system-out>
  </testcase> <!-- GR002 -->
  <testcase classname="fireflink.tests.configuration.GroupsTest" name="GR003" time="20.557">
    <system-out>
      <![CDATA[Successfully signed in to fireflink
Created group is deleted successfully]]>
    </system-out>
  </testcase> <!-- GR003 -->
  <testcase classname="fireflink.tests.configuration.GroupsTest" name="GR005" time="24.045">
    <system-out>
      <![CDATA[Successfully signed in to fireflink
Entered Recipient Name
Entered Recipient Email
Recipient is added successfully]]>
    </system-out>
  </testcase> <!-- GR005 -->
  <system-out>
    <![CDATA[Successfully signed in to fireflink
Group is created successfully
Successfully signed in to fireflink
Created group is deleted successfully
Successfully signed in to fireflink
Name required error is displayed
Successfully signed in to fireflink
Entered Recipient Name
Entered Recipient Email
Recipient is added successfully]]>
  </system-out>
</testsuite> <!-- fireflink.tests.configuration.GroupsTest -->
