<?xml version="1.0" encoding="UTF-8"?>
<!-- Generated by org.testng.reporters.JUnitReportReporter -->
<testsuite hostname="TYSS-Mohammad-Adil" failures="0" tests="2" name="fireflink.tests.configuration.GroupsTest" time="35.547" errors="0" timestamp="2026-06-18T14:47:23 IST" skipped="0">
  <testcase classname="fireflink.tests.configuration.GroupsTest" name="GR002" time="17.906">
    <system-out>
      <![CDATA[Successfully signed in to fireflink]]>
    </system-out>
  </testcase> <!-- GR002 -->
  <testcase classname="fireflink.tests.configuration.GroupsTest" name="GR003" time="17.641">
    <system-out>
      <![CDATA[Successfully signed in to fireflink]]>
    </system-out>
  </testcase> <!-- GR003 -->
  <system-out>
    <![CDATA[Successfully signed in to fireflink
Successfully signed in to fireflink]]>
  </system-out>
</testsuite> <!-- fireflink.tests.configuration.GroupsTest -->
